JvmtiExport can_access_local_variables 0
JvmtiExport can_hotswap_or_post_breakpoint 0
JvmtiExport can_post_on_exceptions 0
# 536 ciObject found
instanceKlass com/sun/org/apache/xerces/internal/dom/DeferredNode
instanceKlass com/google/common/io/ByteArrayDataInput
instanceKlass com/google/common/io/ByteArrayDataOutput
instanceKlass com/google/common/io/ByteStreams
instanceKlass com/google/common/io/Closer$SuppressingSuppressor
instanceKlass com/google/common/io/Closer$Suppressor
instanceKlass com/google/common/io/Closer
instanceKlass com/google/common/io/CharSource
instanceKlass com/android/utils/XmlUtils
instanceKlass com/android/builder/internal/compiler/PreProcessCache$Key
instanceKlass com/android/builder/internal/compiler/PreProcessCache$BaseItem
instanceKlass com/android/builder/internal/compiler/PreProcessCache
instanceKlass org/gradle/internal/progress/PercentageProgressFormatter
instanceKlass org/gradle/execution/taskgraph/DefaultTaskExecutionPlan$2
instanceKlass org/gradle/execution/taskgraph/DefaultTaskExecutionPlan$TaskInfoInVisitingSegment
instanceKlass org/gradle/execution/taskgraph/DefaultTaskExecutionPlan$1
instanceKlass org/gradle/execution/taskgraph/DefaultTaskGraphExecuter$1
instanceKlass org/gradle/execution/SelectedTaskExecutionAction$BindAllReferencesOfProjectsToExecuteListener
instanceKlass org/gradle/execution/DefaultBuildExecuter$1
instanceKlass org/gradle/initialization/DefaultGradleLauncher$4
instanceKlass java/util/stream/StreamSpliterators$WrappingSpliterator$$Lambda$159
instanceKlass java/lang/invoke/LambdaForm$DMH
instanceKlass java/util/stream/StreamSpliterators$AbstractWrappingSpliterator
instanceKlass java/util/stream/AbstractPipeline$$Lambda$158
instanceKlass com/android/build/gradle/internal/pipeline/TransformTask$$Lambda$157
instanceKlass com/android/build/api/transform/SecondaryFile
instanceKlass java/util/stream/Streams$2
instanceKlass java/util/stream/Streams
instanceKlass java/util/stream/Streams$ConcatSpliterator
instanceKlass com/android/build/gradle/internal/pipeline/QualifiedContentImpl
instanceKlass com/android/build/api/transform/DirectoryInput
instanceKlass com/android/build/gradle/internal/pipeline/IntermediateFolderUtils$$Lambda$156
instanceKlass com/android/build/gradle/internal/pipeline/IntermediateFolderUtils$$Lambda$155
instanceKlass com/android/build/gradle/internal/pipeline/IntermediateFolderUtils$$Lambda$154
instanceKlass com/android/build/gradle/internal/pipeline/IntermediateFolderUtils$2
instanceKlass com/android/build/gradle/internal/pipeline/ImmutableTransformInput
instanceKlass com/android/build/gradle/internal/pipeline/IntermediateFolderUtils$InputGenerator
instanceKlass com/android/build/gradle/internal/pipeline/IntermediateFolderUtils
instanceKlass org/gradle/api/internal/file/collections/BuildDependenciesOnlyFileCollectionResolveContext
instanceKlass org/gradle/api/internal/tasks/CachingTaskDependencyResolveContext$TaskGraphImpl
instanceKlass org/gradle/api/internal/tasks/CachingTaskDependencyResolveContext
instanceKlass org/gradle/execution/taskgraph/TaskInfo
instanceKlass org/gradle/execution/TaskSelector$TaskSelection
instanceKlass org/gradle/execution/TaskNameResolver$FixedTaskSelectionResult
instanceKlass org/gradle/model/internal/core/NodeBackedModelMap$9
instanceKlass org/gradle/model/internal/core/DefaultModelViewState$1
instanceKlass org/gradle/model/internal/core/DeferredModelAction
instanceKlass org/gradle/model/internal/core/DefaultModelViewState
instanceKlass org/gradle/model/internal/core/NodeBackedModelMap$2
instanceKlass org/gradle/model/internal/manage/schema/extract/FactoryBasedStructNodeInitializerExtractionStrategy
instanceKlass org/gradle/api/artifacts/component/LibraryBinaryIdentifier
instanceKlass org/gradle/platform/base/internal/BinaryBuildAbility
instanceKlass org/gradle/model/internal/typeregistration/BaseInstanceFactory$InternalViewRegistration
instanceKlass org/gradle/model/internal/typeregistration/BaseInstanceFactory$ImplementationRegistration
instanceKlass org/gradle/platform/base/component/internal/DefaultComponentSpec$ComponentInfo
instanceKlass org/gradle/model/internal/typeregistration/BaseInstanceFactory$TypeRegistrationBuilderImpl
instanceKlass org/gradle/model/internal/typeregistration/BaseInstanceFactory$TypeRegistration
instanceKlass org/gradle/platform/base/internal/registry/DefaultTypeBuilder
instanceKlass org/gradle/platform/base/component/internal/ComponentSpecFactory$3
instanceKlass org/gradle/language/base/internal/LanguageSourceSetInternal
instanceKlass org/gradle/platform/base/component/internal/ComponentSpecFactory$2
instanceKlass org/gradle/platform/base/component/internal/ComponentSpecFactory$1
instanceKlass org/gradle/platform/base/component/internal/AbstractComponentSpec
instanceKlass org/gradle/platform/base/internal/ComponentSpecInternal
instanceKlass org/gradle/model/internal/typeregistration/BaseInstanceFactory$ImplementationFactory
instanceKlass org/gradle/platform/base/internal/ComponentSpecIdentifier
instanceKlass org/gradle/model/internal/typeregistration/BaseInstanceFactory$TypeRegistrationBuilder
instanceKlass org/gradle/model/internal/typeregistration/InstanceFactory$ImplementationInfo
instanceKlass org/gradle/model/internal/manage/schema/extract/ManagedImplStructNodeInitializerExtractionStrategy
instanceKlass org/gradle/model/internal/manage/schema/extract/CollectionNodeInitializerExtractionSupport
instanceKlass org/gradle/model/internal/core/DefaultNodeInitializerRegistry
instanceKlass org/gradle/model/internal/inspect/DefaultModelRuleInvoker
instanceKlass org/gradle/model/internal/core/SpecializedModelMapProjection
instanceKlass org/gradle/model/internal/core/ChildNodeInitializerStrategyAccessors$1
instanceKlass org/gradle/execution/TaskNameResolver$MultiProjectTaskSelectionResult
instanceKlass org/gradle/execution/taskpath/ResolvedTaskPath
instanceKlass org/gradle/execution/DefaultBuildConfigurationActionExecuter$1
instanceKlass org/gradle/initialization/DefaultGradleLauncher$3
instanceKlass org/codehaus/groovy/runtime/callsite/CallSiteArray$1
instanceKlass org/gradle/api/internal/tasks/DefaultTaskOutputs$5
instanceKlass org/gradle/api/internal/TaskExecutionHistory
instanceKlass org/gradle/api/internal/AbstractTask$ClosureTaskAction
instanceKlass org/gradle/api/internal/AbstractTask$14
instanceKlass org/gradle/process/internal/streams/SafeStreams
instanceKlass org/gradle/process/internal/ExecHandle
instanceKlass org/gradle/process/internal/streams/StreamsHandler
instanceKlass org/codehaus/groovy/runtime/typehandling/ShortTypeHandling
instanceKlass org/gradle/internal/typeconversion/EnumFromCharSequenceNotationParser$1
instanceKlass org/gradle/internal/typeconversion/EnumFromCharSequenceNotationParser
instanceKlass com/android/build/FilterData
instanceKlass com/android/build/gradle/internal/api/BaseVariantOutputImpl
instanceKlass com/android/build/gradle/api/ApkVariantOutput
instanceKlass com/android/build/gradle/api/BaseVariantOutput
instanceKlass com/android/build/gradle/internal/ApiObjectFactory
instanceKlass com/android/build/gradle/internal/tasks/SigningReportTask$SigningInfo
instanceKlass com/android/build/gradle/internal/TaskManager$$Lambda$153
instanceKlass com/android/build/gradle/internal/TaskManager$$Lambda$152
instanceKlass com/android/build/gradle/internal/TaskManager$$Lambda$151
instanceKlass com/android/build/gradle/internal/tasks/DeviceProviderInstrumentTestTask$ConfigAction$5
instanceKlass org/gradle/api/internal/AbstractTask$9
instanceKlass com/android/build/gradle/internal/tasks/DeviceProviderInstrumentTestTask$ConfigAction$4
instanceKlass com/android/build/gradle/internal/tasks/DeviceProviderInstrumentTestTask$ConfigAction$3
instanceKlass com/android/build/gradle/internal/tasks/DeviceProviderInstrumentTestTask$ConfigAction$2
instanceKlass com/android/build/gradle/internal/tasks/DeviceProviderInstrumentTestTask$ConfigAction$1
instanceKlass com/android/builder/testing/TestRunner
instanceKlass com/android/build/gradle/internal/tasks/AndroidTestTask
instanceKlass com/android/build/gradle/internal/tasks/DeviceProviderInstrumentTestTask$ConfigAction
instanceKlass org/gradle/internal/service/scopes/ProjectScopeServices$4
instanceKlass org/gradle/api/internal/component/SoftwareComponentInternal
instanceKlass org/gradle/api/internal/file/ant/BaseDirSelector
instanceKlass org/apache/tools/ant/types/selectors/FileSelector
instanceKlass groovy/util/AntBuilderLocator
instanceKlass org/apache/tools/ant/DefaultDefinitions
instanceKlass org/apache/tools/ant/TypeAdapter
instanceKlass org/apache/tools/ant/AntTypeDefinition
instanceKlass org/apache/tools/ant/property/ParseProperties
instanceKlass org/apache/tools/ant/property/ParseNextProperty
instanceKlass org/apache/tools/ant/ComponentHelper
instanceKlass java/text/CharacterIterator
instanceKlass org/apache/tools/ant/launch/Locator
instanceKlass org/apache/tools/ant/Main$1
instanceKlass org/apache/tools/ant/Main
instanceKlass org/apache/tools/ant/launch/AntMain
instanceKlass org/apache/tools/ant/PropertyHelper$PropertySetter
instanceKlass org/apache/tools/ant/PropertyHelper$4
instanceKlass org/apache/tools/ant/PropertyHelper$3
instanceKlass org/apache/tools/ant/PropertyHelper$2
instanceKlass org/apache/tools/ant/PropertyHelper$1
instanceKlass org/apache/tools/ant/property/PropertyExpander
instanceKlass org/apache/tools/ant/PropertyHelper$PropertyEvaluator
instanceKlass org/apache/tools/ant/PropertyHelper$Delegate
instanceKlass org/apache/tools/ant/PropertyHelper
instanceKlass org/apache/tools/ant/property/GetProperty
instanceKlass java/net/CookieStore
instanceKlass java/lang/StrictMath
instanceKlass org/apache/tools/ant/util/JavaEnvUtils
instanceKlass org/apache/tools/ant/DefaultLogger
instanceKlass org/apache/tools/ant/util/StringUtils
instanceKlass org/apache/tools/ant/ProjectHelperRepository$ConstructingIterator
instanceKlass org/apache/tools/ant/helper/ProjectHelper2$AntHandler
instanceKlass org/apache/tools/ant/util/LoaderUtils
instanceKlass org/apache/tools/ant/ProjectHelperRepository
instanceKlass org/apache/tools/ant/ProjectHelper
instanceKlass org/apache/tools/ant/input/DefaultInputHandler
instanceKlass org/apache/tools/ant/types/FilterSetCollection
instanceKlass org/gradle/api/internal/project/ant/AntLoggingAdapter
instanceKlass org/gradle/api/internal/project/ant/DefaultAntLoggingAdapterFactory
instanceKlass org/gradle/api/internal/project/DefaultAntBuilderFactory
instanceKlass org/gradle/api/internal/project/AbstractProject$4
instanceKlass com/android/build/gradle/internal/test/AbstractTestDataImpl
instanceKlass com/android/build/gradle/internal/TaskManager$$Lambda$150
instanceKlass com/android/build/gradle/internal/variant/TestVariantData$1
instanceKlass com/android/build/gradle/tasks/ProcessTestManifest$ConfigAction$$Lambda$149
instanceKlass com/android/build/gradle/tasks/ProcessTestManifest$ConfigAction$$Lambda$148
instanceKlass com/android/build/gradle/tasks/ProcessTestManifest$ConfigAction$$Lambda$147
instanceKlass com/android/build/gradle/tasks/ProcessTestManifest$ConfigAction$$Lambda$146
instanceKlass com/android/build/gradle/tasks/ProcessTestManifest$ConfigAction$$Lambda$145
instanceKlass com/android/build/gradle/tasks/ProcessTestManifest$ConfigAction$$Lambda$144
instanceKlass com/android/build/gradle/tasks/ProcessTestManifest$ConfigAction$$Lambda$143
instanceKlass com/android/build/gradle/tasks/ProcessTestManifest$ConfigAction$$Lambda$142
instanceKlass com/android/build/gradle/tasks/ProcessTestManifest$ConfigAction$$Lambda$141
instanceKlass com/android/build/gradle/tasks/ProcessTestManifest$ConfigAction
instanceKlass com/android/build/gradle/tasks/Lint$VitalConfigAction
instanceKlass com/android/build/gradle/internal/publishing/BasePublishArtifact$DefaultTaskDependency
instanceKlass com/android/build/gradle/internal/publishing/BasePublishArtifact
instanceKlass org/gradle/api/internal/artifacts/dsl/DefaultArtifactHandler
instanceKlass org/gradle/api/internal/artifacts/dsl/PublishArtifactNotationParserFactory
instanceKlass com/android/build/gradle/internal/TaskManager$$Lambda$140
instanceKlass java/lang/invoke/LambdaForm$DMH
instanceKlass com/android/build/gradle/internal/TaskManager$$Lambda$139
instanceKlass com/android/build/gradle/internal/TaskManager$$Lambda$138
instanceKlass java/lang/invoke/LambdaForm$MH
instanceKlass com/android/build/gradle/tasks/factory/AndroidUnitTest$ConfigAction$$Lambda$137
instanceKlass org/gradle/api/plugins/JavaBasePlugin$18
instanceKlass org/gradle/api/plugins/JavaBasePlugin$17
instanceKlass org/gradle/api/plugins/JavaBasePlugin$16
instanceKlass org/gradle/api/tasks/testing/Test$1
instanceKlass org/gradle/api/internal/tasks/testing/filter/DefaultTestFilter
instanceKlass org/gradle/api/reporting/internal/DefaultReportContainer$2
instanceKlass org/gradle/api/reporting/internal/DefaultReportContainer$1
instanceKlass org/gradle/api/reporting/Report$1
instanceKlass org/gradle/api/reporting/internal/TaskReportContainer$3
instanceKlass org/gradle/api/reporting/internal/TaskReportContainer$2
instanceKlass org/gradle/api/reporting/internal/TaskReportContainer$1
instanceKlass org/gradle/api/internal/tasks/testing/logging/DefaultTestLogging
instanceKlass org/gradle/api/internal/tasks/testing/logging/DefaultTestLoggingContainer
instanceKlass org/gradle/api/internal/file/AbstractFileResolver$2
instanceKlass org/gradle/process/internal/DefaultProcessForkOptions
instanceKlass org/gradle/api/internal/tasks/testing/TestStartEvent
instanceKlass org/gradle/api/internal/tasks/testing/TestCompleteEvent
instanceKlass org/gradle/api/tasks/testing/TestResult
instanceKlass org/gradle/api/tasks/testing/TestOutputEvent
instanceKlass org/gradle/api/internal/tasks/testing/TestDescriptorInternal
instanceKlass org/gradle/api/tasks/testing/TestDescriptor
instanceKlass org/gradle/api/internal/tasks/testing/results/TestListenerInternal
instanceKlass org/gradle/api/internal/tasks/options/Option
instanceKlass org/gradle/api/tasks/testing/logging/TestLoggingContainer
instanceKlass org/gradle/api/tasks/testing/logging/TestLogging
instanceKlass org/gradle/api/tasks/testing/TestFrameworkOptions
instanceKlass org/gradle/api/tasks/testing/TestFilter
instanceKlass org/gradle/api/tasks/testing/TestTaskReports
instanceKlass org/gradle/api/reporting/ReportContainer
instanceKlass org/gradle/api/internal/tasks/testing/junit/result/TestResultsProvider
instanceKlass org/gradle/api/internal/tasks/testing/junit/report/TestReporter
instanceKlass org/gradle/api/internal/tasks/testing/TestResultProcessor
instanceKlass org/gradle/api/internal/tasks/testing/detection/TestExecuter
instanceKlass org/gradle/api/tasks/testing/TestOutputListener
instanceKlass org/gradle/api/internal/tasks/testing/TestFramework
instanceKlass org/gradle/api/internal/tasks/testing/logging/TestExceptionFormatter
instanceKlass org/gradle/api/reporting/internal/SimpleReport
instanceKlass org/gradle/api/tasks/testing/JUnitXmlReport
instanceKlass org/gradle/api/reporting/DirectoryReport
instanceKlass com/android/build/gradle/tasks/factory/AndroidUnitTest$ConfigAction$$Lambda$136
instanceKlass java/lang/invoke/LambdaForm$DMH
instanceKlass org/gradle/api/reporting/ConfigurableReport
instanceKlass org/gradle/api/reporting/Report
instanceKlass com/android/build/gradle/tasks/factory/AndroidUnitTest$ConfigAction
instanceKlass com/android/build/gradle/internal/TaskManager$$Lambda$135
instanceKlass com/android/build/gradle/internal/VariantManager$10
instanceKlass org/gradle/api/internal/artifacts/ivyservice/ShortCircuitEmptyConfigurationResolver$EmptyResolvedConfiguration$1
instanceKlass com/android/build/gradle/internal/TaskManager$$Lambda$134
instanceKlass com/android/build/gradle/tasks/Lint$ConfigAction
instanceKlass com/android/build/gradle/internal/TaskManager$$Lambda$133
instanceKlass java/lang/invoke/LambdaForm$BMH
instanceKlass com/android/build/gradle/internal/TaskManager$$Lambda$132
instanceKlass com/android/build/gradle/internal/tasks/UninstallTask$ConfigAction$1
instanceKlass com/android/build/gradle/internal/tasks/UninstallTask$1
instanceKlass com/android/build/gradle/internal/tasks/UninstallTask$ConfigAction
instanceKlass com/android/build/gradle/internal/tasks/InstallVariantTask$ConfigAction$2
instanceKlass android/databinding/tool/LayoutXmlProcessor
instanceKlass com/android/build/gradle/internal/tasks/InstallVariantTask$ConfigAction$1
instanceKlass com/android/build/gradle/internal/tasks/InstallVariantTask$1
instanceKlass com/android/builder/testing/api/DeviceConfigProvider
instanceKlass com/android/build/gradle/internal/tasks/InstallVariantTask$ConfigAction
instanceKlass com/android/build/gradle/internal/tasks/ValidateSigningTask$ConfigAction
instanceKlass com/android/build/gradle/internal/TaskManager$$Lambda$131
instanceKlass java/lang/invoke/LambdaForm$DMH
instanceKlass com/android/build/gradle/internal/pipeline/StreamFilter$$Lambda$130
instanceKlass com/android/build/gradle/internal/pipeline/StreamFilter$$Lambda$129
instanceKlass com/android/build/gradle/internal/pipeline/StreamFilter$$Lambda$128
instanceKlass com/android/build/gradle/internal/pipeline/StreamFilter
instanceKlass java/lang/invoke/LambdaForm$MH
instanceKlass com/android/build/gradle/internal/TaskManager$$Lambda$127
instanceKlass java/lang/invoke/LambdaForm$DMH
instanceKlass com/android/build/gradle/internal/TaskManager$$Lambda$126
instanceKlass com/android/build/gradle/tasks/PackageAndroidArtifact$ConfigAction$$Lambda$125
instanceKlass com/android/build/gradle/tasks/PackageAndroidArtifact$ConfigAction$$Lambda$124
instanceKlass com/android/build/gradle/tasks/PackageAndroidArtifact$ConfigAction$$Lambda$123
instanceKlass java/lang/invoke/LambdaForm$DMH
instanceKlass com/android/build/gradle/tasks/PackageAndroidArtifact$ConfigAction$$Lambda$122
instanceKlass com/android/build/gradle/tasks/PackageAndroidArtifact$ConfigAction$$Lambda$121
instanceKlass com/android/build/gradle/tasks/PackageAndroidArtifact$ConfigAction$$Lambda$120
instanceKlass com/android/build/gradle/tasks/PackageAndroidArtifact$ConfigAction$$Lambda$119
instanceKlass com/android/build/gradle/tasks/PackageAndroidArtifact$ConfigAction$$Lambda$118
instanceKlass com/android/build/gradle/tasks/PackageApplication$StandardConfigAction$$Lambda$117
instanceKlass com/android/build/gradle/internal/annotations/PackageFile
instanceKlass com/android/builder/files/FileCacheByPath
instanceKlass com/android/build/gradle/tasks/PackageAndroidArtifact$KnownFilesSaveData
instanceKlass com/android/builder/internal/packaging/IncrementalPackager
instanceKlass com/android/builder/packaging/ApkCreatorFactory$CreationData
instanceKlass com/android/build/gradle/tasks/PackageAndroidArtifact$ConfigAction
instanceKlass com/android/build/gradle/internal/scope/DefaultGradlePackagingScope
instanceKlass com/android/builder/internal/utils/FileCache
instanceKlass org/gradle/api/plugins/BasePlugin$1$4
instanceKlass org/gradle/api/plugins/BasePlugin$1$3
instanceKlass org/gradle/jvm/tasks/Jar$2
instanceKlass org/gradle/jvm/tasks/Jar$1
instanceKlass org/gradle/api/java/archives/internal/DefaultAttributes
instanceKlass org/gradle/api/java/archives/Attributes
instanceKlass org/gradle/api/java/archives/internal/DefaultManifest
instanceKlass org/gradle/api/java/archives/internal/ManifestInternal
instanceKlass com/android/build/gradle/tasks/BinaryFileProviderTask$Artifact
instanceKlass org/gradle/api/internal/file/copy/ZipCompressor
instanceKlass org/gradle/api/internal/file/archive/compression/ArchiveOutputStreamFactory
instanceKlass com/android/build/gradle/tasks/BinaryFileProviderTask
instanceKlass com/android/build/gradle/tasks/AndroidJarTask$JarClassesConfigAction
instanceKlass org/gradle/api/internal/AbstractTask$12
instanceKlass com/android/build/gradle/tasks/factory/JavaCompileConfigAction$$Lambda$116
instanceKlass org/gradle/api/internal/plugins/PluginManagerInternal$PluginWithId
instanceKlass com/android/build/gradle/tasks/factory/AbstractCompilesUtil
instanceKlass com/android/build/gradle/tasks/factory/JavaCompileConfigAction$1
instanceKlass com/android/builder/core/BootClasspathBuilder$$Lambda$115
instanceKlass com/android/builder/core/BootClasspathBuilder
instanceKlass java/util/stream/Collectors$$Lambda$114
instanceKlass java/util/stream/Collectors$$Lambda$113
instanceKlass java/util/stream/Collectors$$Lambda$112
instanceKlass com/android/build/gradle/internal/api/DefaultAndroidSourceDirectorySet$$Lambda$111
instanceKlass org/gradle/api/plugins/JavaBasePlugin$10$1
instanceKlass org/gradle/api/plugins/JavaBasePlugin$9$2
instanceKlass org/gradle/api/plugins/JavaBasePlugin$9$1
instanceKlass org/gradle/api/internal/tasks/compile/CleaningJavaCompilerSupport
instanceKlass org/gradle/api/internal/tasks/compile/DefaultJvmLanguageCompileSpec
instanceKlass org/gradle/api/tasks/compile/AbstractOptions
instanceKlass org/gradle/api/internal/tasks/compile/incremental/cache/CompileCaches
instanceKlass org/gradle/api/internal/tasks/compile/JavaCompileSpec
instanceKlass org/gradle/api/internal/tasks/compile/JvmLanguageCompileSpec
instanceKlass org/gradle/language/base/internal/compile/CompileSpec
instanceKlass com/android/build/gradle/tasks/factory/JavaCompileConfigAction
instanceKlass com/android/build/gradle/tasks/factory/IncrementalSafeguard$ConfigAction
instanceKlass com/android/build/gradle/internal/transforms/MergeJavaResourcesTransform$NativeLibValidator
instanceKlass com/android/build/gradle/tasks/MergeSourceSetFolders$MergeJniLibFoldersConfigAction$$Lambda$110
instanceKlass com/android/build/gradle/tasks/ExternalNativeBuildTaskUtils$ExternalNativeBuildProjectPathResolution
instanceKlass com/android/build/gradle/internal/TaskManager$$Lambda$109
instanceKlass com/android/build/gradle/internal/TaskManager$$Lambda$108
instanceKlass com/android/build/gradle/internal/TaskManager$$Lambda$107
instanceKlass com/android/build/gradle/tasks/ExternalNativeBuildTaskUtils
instanceKlass com/google/common/collect/AbstractMapBasedMultimap$KeySet$1
instanceKlass com/android/build/gradle/tasks/ShaderCompile$ConfigAction
instanceKlass com/android/build/gradle/tasks/MergeSourceSetFolders$MergeShaderSourceFoldersConfigAction$$Lambda$106
instanceKlass com/android/build/gradle/tasks/AidlCompile$ConfigAction$$Lambda$105
instanceKlass com/android/build/gradle/tasks/AidlCompile$ConfigAction$$Lambda$104
instanceKlass com/android/builder/internal/incremental/DependencyData
instanceKlass com/android/builder/compiling/DependencyFileProcessor
instanceKlass com/android/build/gradle/tasks/AidlCompile$ConfigAction
instanceKlass org/gradle/api/tasks/incremental/InputFileDetails
instanceKlass com/android/build/api/transform/Context
instanceKlass com/android/build/gradle/internal/pipeline/TransformTask$ConfigAction
instanceKlass com/android/build/gradle/internal/pipeline/IntermediateStream$Builder
instanceKlass com/android/build/api/transform/TransformOutputProvider
instanceKlass com/google/common/base/Predicates$NotPredicate
instanceKlass com/google/common/collect/AbstractIterator$1
instanceKlass com/google/common/base/Predicates$InPredicate
instanceKlass com/google/common/base/Predicates
instanceKlass com/android/build/gradle/internal/transforms/MergeJavaResourcesTransform$1
instanceKlass com/android/build/gradle/internal/packaging/ParsedPackagingOptions$$Lambda$103
instanceKlass com/android/build/gradle/internal/packaging/ParsedPackagingOptions$$Lambda$102
instanceKlass sun/nio/fs/WindowsFileSystem$2
instanceKlass sun/nio/fs/Globs
instanceKlass java/util/stream/ReduceOps$Box
instanceKlass java/util/stream/Collectors$$Lambda$101
instanceKlass java/util/stream/Collectors$$Lambda$100
instanceKlass java/util/stream/Collectors$$Lambda$99
instanceKlass java/lang/invoke/LambdaForm$DMH
instanceKlass java/util/stream/Collectors$$Lambda$98
instanceKlass java/util/stream/Collectors$CollectorImpl
instanceKlass java/util/stream/Collector
instanceKlass java/util/stream/Collectors
instanceKlass com/android/build/gradle/internal/packaging/ParsedPackagingOptions$$Lambda$97
instanceKlass java/nio/file/PathMatcher
instanceKlass java/util/HashMap$HashMapSpliterator
instanceKlass com/android/build/gradle/internal/packaging/ParsedPackagingOptions
instanceKlass com/android/builder/packaging/ZipEntryFilter
instanceKlass com/android/build/gradle/internal/transforms/MergeJavaResourcesTransform$FileValidator
instanceKlass com/google/common/util/concurrent/Callables$1
instanceKlass com/google/common/util/concurrent/Callables
instanceKlass org/gradle/api/internal/project/taskfactory/AnnotationProcessingTaskFactory$PropertyInfo$5
instanceKlass org/gradle/api/internal/file/copy/DefaultCopySpec$DefaultCopySpecResolver$1
instanceKlass org/gradle/api/internal/project/taskfactory/AnnotationProcessingTaskFactory$PropertyInfo$4
instanceKlass com/android/build/gradle/tasks/factory/ProcessJavaResConfigAction
instanceKlass com/android/build/gradle/tasks/ProcessAndroidResources$ConfigAction$7
instanceKlass com/android/build/gradle/tasks/ProcessAndroidResources$ConfigAction$6
instanceKlass com/android/build/gradle/tasks/ProcessAndroidResources$ConfigAction$5
instanceKlass com/android/build/gradle/tasks/ProcessAndroidResources$ConfigAction$4
instanceKlass com/android/build/gradle/tasks/ProcessAndroidResources$ConfigAction$3
instanceKlass com/android/build/gradle/tasks/ProcessAndroidResources$ConfigAction$2
instanceKlass com/android/build/gradle/tasks/ProcessAndroidResources$ConfigAction$1
instanceKlass org/gradle/api/internal/tasks/DefaultTaskInputs$3
instanceKlass org/gradle/api/internal/project/taskfactory/NestedBeanPropertyAnnotationHandler$1$1
instanceKlass org/gradle/api/internal/project/taskfactory/InputDirectoryPropertyAnnotationHandler$2
instanceKlass org/gradle/api/internal/project/taskfactory/NestedBeanPropertyAnnotationHandler$1
instanceKlass com/android/ide/common/blame/parser/PatternAwareOutputParser
instanceKlass com/android/build/gradle/tasks/ProcessAndroidResources$ConfigAction
instanceKlass com/android/build/gradle/tasks/GenerateBuildConfig$ConfigAction$$Lambda$96
instanceKlass com/android/build/gradle/tasks/GenerateBuildConfig$ConfigAction$$Lambda$95
instanceKlass com/android/build/gradle/tasks/GenerateBuildConfig$ConfigAction$$Lambda$94
instanceKlass com/android/build/gradle/tasks/GenerateBuildConfig$ConfigAction$$Lambda$93
instanceKlass com/android/build/gradle/tasks/GenerateBuildConfig$ConfigAction$$Lambda$92
instanceKlass com/android/build/gradle/tasks/GenerateBuildConfig$ConfigAction$$Lambda$91
instanceKlass com/android/build/gradle/tasks/GenerateBuildConfig$ConfigAction$$Lambda$90
instanceKlass com/android/build/gradle/tasks/GenerateBuildConfig$ConfigAction$$Lambda$89
instanceKlass com/android/build/gradle/tasks/GenerateBuildConfig$ConfigAction$$Lambda$88
instanceKlass com/android/build/gradle/tasks/GenerateBuildConfig$ConfigAction
instanceKlass java/lang/invoke/LambdaForm$MH
instanceKlass java/lang/invoke/LambdaForm$DMH
instanceKlass java/lang/invoke/LambdaForm$DMH
instanceKlass com/android/build/gradle/tasks/MergeSourceSetFolders$MergeAssetConfigAction$$Lambda$87
instanceKlass java/lang/invoke/LambdaForm$DMH
instanceKlass com/android/build/gradle/tasks/MergeSourceSetFolders$ConfigAction
instanceKlass com/android/build/gradle/tasks/MergeResources$ConfigAction$1
instanceKlass com/android/ide/common/res2/FileValidity
instanceKlass com/android/ide/common/res2/MergeConsumer
instanceKlass com/android/build/gradle/tasks/MergeResources$ConfigAction
instanceKlass com/android/build/gradle/tasks/RenderscriptCompile$ConfigAction$$Lambda$86
instanceKlass com/android/build/gradle/tasks/RenderscriptCompile$ConfigAction$$Lambda$85
instanceKlass com/android/build/gradle/tasks/RenderscriptCompile$ConfigAction$$Lambda$84
instanceKlass com/android/build/gradle/tasks/RenderscriptCompile$ConfigAction$$Lambda$83
instanceKlass java/lang/invoke/LambdaForm$DMH
instanceKlass com/android/build/gradle/tasks/RenderscriptCompile$ConfigAction
instanceKlass com/android/build/gradle/tasks/GenerateResValues$ConfigAction$$Lambda$82
instanceKlass com/android/build/gradle/tasks/GenerateResValues$ConfigAction
instanceKlass com/android/build/gradle/internal/scope/VariantOutputScope$1
instanceKlass com/android/build/gradle/tasks/MergeManifests$ConfigAction$4
instanceKlass com/android/build/gradle/tasks/MergeManifests$ConfigAction$3
instanceKlass com/android/build/gradle/tasks/MergeManifests$ConfigAction$2
instanceKlass com/android/build/gradle/tasks/MergeManifests$ConfigAction$1
instanceKlass org/gradle/api/internal/project/taskfactory/AnnotationProcessingTaskFactory$4
instanceKlass org/gradle/api/tasks/incremental/IncrementalTaskInputs
instanceKlass com/android/build/gradle/tasks/MergeManifests$ConfigAction
instanceKlass com/android/build/gradle/internal/TaskManager$$Lambda$81
instanceKlass com/android/build/gradle/internal/TaskManager$$Lambda$80
instanceKlass com/android/build/gradle/internal/TaskManager$$Lambda$79
instanceKlass com/android/build/gradle/internal/TaskManager$$Lambda$78
instanceKlass com/android/build/gradle/internal/TaskManager$$Lambda$77
instanceKlass com/android/build/gradle/internal/TaskManager$$Lambda$76
instanceKlass com/android/build/gradle/internal/TaskManager$$Lambda$75
instanceKlass com/android/build/gradle/internal/TaskManager$$Lambda$74
instanceKlass com/android/build/gradle/internal/TaskManager$$Lambda$73
instanceKlass com/android/build/gradle/internal/pipeline/OriginalStream$Builder
instanceKlass com/android/build/gradle/internal/pipeline/OriginalStream$$Lambda$72
instanceKlass com/android/build/api/transform/QualifiedContent
instanceKlass com/android/build/gradle/internal/pipeline/IncrementalTransformInput
instanceKlass com/android/build/api/transform/TransformInput
instanceKlass com/android/build/gradle/internal/tasks/CheckManifest$ConfigAction$$Lambda$71
instanceKlass com/android/build/gradle/internal/tasks/CheckManifest$ConfigAction
instanceKlass com/android/build/gradle/internal/TaskManager$8
instanceKlass com/android/build/gradle/internal/TaskManager$$Lambda$70
instanceKlass com/android/build/gradle/internal/TaskManager$$Lambda$69
instanceKlass com/android/build/gradle/internal/TaskManager$$Lambda$68
instanceKlass com/android/build/gradle/internal/scope/AndroidTask$1
instanceKlass com/android/build/gradle/internal/tasks/PrepareDependenciesTask$ConfigAction
instanceKlass com/android/build/gradle/internal/TaskManager$$Lambda$67
instanceKlass com/android/build/gradle/internal/VariantManager$4
